snp	p	eff	cor	rank	locus	gene.name
rs112132047	3.25e-05	0.671	1.000	 1	1	SMTN
rs138568115	      NA	   NA	0.657	 2	1	SMTN
rs138799165	      NA	   NA	0.657	 3	1	SMTN
rs140891349	      NA	   NA	0.657	 4	1	SMTN
rs145579085	      NA	   NA	0.657	 5	1	SMTN
rs141931695	      NA	   NA	0.641	 6	1	SMTN
rs151208155	      NA	   NA	0.633	 7	1	SMTN
rs145886386	      NA	   NA	0.609	 8	1	SMTN
rs79255588	      NA	   NA	0.603	 9	1	SMTN
rs144190644	      NA	   NA	0.564	10	1	SMTN
rs147552669	      NA	   NA	0.564	11	1	SMTN
rs41282561	      NA	   NA	0.564	12	1	SMTN
rs79689867	      NA	   NA	0.550	13	1	SMTN
rs3761431	3.09e-04	0.124	1.000	 1	2	SMTN
rs11089491	      NA	   NA	0.586	 2	2	SMTN
rs5749231	      NA	   NA	0.584	 3	2	SMTN
rs5753508	      NA	   NA	0.581	 4	2	SMTN
rs1034587	      NA	   NA	0.580	 5	2	SMTN
rs5997940	      NA	   NA	0.579	 6	2	SMTN
rs5753474	      NA	   NA	0.517	 7	2	SMTN
rs2073858	      NA	   NA	0.516	 8	2	SMTN
rs62236113	1.63e-69	1.711	1.000	 1	3	SMTN
rs62236114	      NA	   NA	1.000	 2	3	SMTN
rs62236115	      NA	   NA	1.000	 3	3	SMTN
rs11913100	      NA	   NA	0.992	 4	3	SMTN
rs61529391	      NA	   NA	0.983	 5	3	SMTN
rs62236119	      NA	   NA	0.983	 6	3	SMTN
rs62236120	      NA	   NA	0.983	 7	3	SMTN
rs150884776	      NA	   NA	0.975	 8	3	SMTN
rs62236122	      NA	   NA	0.975	 9	3	SMTN
rs62236124	      NA	   NA	0.975	10	3	SMTN
rs62236125	      NA	   NA	0.975	11	3	SMTN
rs7284985	      NA	   NA	0.975	12	3	SMTN
rs7285584	      NA	   NA	0.975	13	3	SMTN
rs62236126	      NA	   NA	0.975	14	3	SMTN
rs62236123	      NA	   NA	0.966	15	3	SMTN
rs16989281	      NA	   NA	0.936	16	3	SMTN
rs2286214	      NA	   NA	0.884	17	3	SMTN
rs28412926	      NA	   NA	0.881	18	3	SMTN
rs28461534	      NA	   NA	0.881	19	3	SMTN
rs7289582	      NA	   NA	0.881	20	3	SMTN
rs149627886	      NA	   NA	0.868	21	3	SMTN
rs146474125	      NA	   NA	0.864	22	3	SMTN
rs41282559	      NA	   NA	0.856	23	3	SMTN
rs56095120	      NA	   NA	0.855	24	3	SMTN
rs56169845	      NA	   NA	0.801	25	3	SMTN
rs5997855	      NA	   NA	0.648	26	3	SMTN
