gene.name	snp	rank	cor	lead	p.value	locus	rsq.diff	effect.est	effect.p
SMTN	rs5997855	 1	1.000	rs5997855	1.85e-65	1	1	0.858	1.84e-11
SMTN	rs16989281	 2	0.664	rs5997855	1.10e-64	1	1	   NA	      NA
SMTN	rs62236113	 3	0.648	rs5997855	8.16e-68	1	1	   NA	      NA
SMTN	rs62236114	 4	0.648	rs5997855	8.16e-68	1	1	   NA	      NA
SMTN	rs62236115	 5	0.648	rs5997855	8.16e-68	1	1	   NA	      NA
SMTN	rs11913100	 6	0.643	rs5997855	6.64e-67	1	1	   NA	      NA
SMTN	rs62236119	 7	0.637	rs5997855	9.91e-68	1	1	   NA	      NA
SMTN	rs62236120	 8	0.637	rs5997855	9.91e-68	1	1	   NA	      NA
SMTN	rs61529391	 9	0.637	rs5997855	9.91e-68	1	1	   NA	      NA
SMTN	rs150884776	10	0.631	rs5997855	7.83e-67	1	1	   NA	      NA
SMTN	rs7284985	11	0.631	rs5997855	7.83e-67	1	1	   NA	      NA
SMTN	rs7285584	12	0.631	rs5997855	7.83e-67	1	1	   NA	      NA
SMTN	rs62236122	13	0.631	rs5997855	7.83e-67	1	1	   NA	      NA
SMTN	rs62236124	14	0.631	rs5997855	7.83e-67	1	1	   NA	      NA
SMTN	rs62236125	15	0.631	rs5997855	7.83e-67	1	1	   NA	      NA
SMTN	rs62236126	16	0.630	rs5997855	2.53e-67	1	1	   NA	      NA
SMTN	rs149627886	17	0.570	rs5997855	3.04e-65	1	1	   NA	      NA
SMTN	rs56095120	18	0.567	rs5997855	3.80e-57	1	1	   NA	      NA
SMTN	rs149627886	 1	1.000	rs149627886	3.04e-65	2	1	0.882	3.04e-11
SMTN	rs62236113	 2	0.868	rs149627886	8.16e-68	2	1	   NA	      NA
SMTN	rs62236114	 3	0.868	rs149627886	8.16e-68	2	1	   NA	      NA
SMTN	rs62236115	 4	0.868	rs149627886	8.16e-68	2	1	   NA	      NA
SMTN	rs11913100	 5	0.860	rs149627886	6.64e-67	2	1	   NA	      NA
SMTN	rs62236119	 6	0.853	rs149627886	9.91e-68	2	1	   NA	      NA
SMTN	rs62236120	 7	0.853	rs149627886	9.91e-68	2	1	   NA	      NA
SMTN	rs61529391	 8	0.853	rs149627886	9.91e-68	2	1	   NA	      NA
SMTN	rs150884776	 9	0.846	rs149627886	7.83e-67	2	1	   NA	      NA
SMTN	rs7284985	10	0.846	rs149627886	7.83e-67	2	1	   NA	      NA
SMTN	rs7285584	11	0.846	rs149627886	7.83e-67	2	1	   NA	      NA
SMTN	rs62236122	12	0.846	rs149627886	7.83e-67	2	1	   NA	      NA
SMTN	rs62236124	13	0.846	rs149627886	7.83e-67	2	1	   NA	      NA
SMTN	rs62236125	14	0.846	rs149627886	7.83e-67	2	1	   NA	      NA
SMTN	rs62236126	15	0.846	rs149627886	2.53e-67	2	1	   NA	      NA
SMTN	rs16989281	16	0.811	rs149627886	1.10e-64	2	1	   NA	      NA
SMTN	rs56095120	17	0.741	rs149627886	3.80e-57	2	1	   NA	      NA
SMTN	rs5997855	18	0.570	rs149627886	1.85e-65	2	1	   NA	      NA
